<?xml version="1.0" encoding="UTF-8"?>
<testng-results ignored="0" total="2" passed="2" failed="0" skipped="0">
  <reporter-output>
  </reporter-output>
  <suite started-at="2024-09-04T22:49:04 IST" name="All Test Suite" finished-at="2024-09-04T22:49:17 IST" duration-ms="12785">
    <groups>
    </groups>
    <test started-at="2024-09-04T22:49:04 IST" name="D:/Automation Practice/SeleniumConcepts" finished-at="2024-09-04T22:49:17 IST" duration-ms="12785">
      <class name="example.EndToEndFlow">
        <test-method is-config="true" signature="setUp(java.lang.String,java.lang.String)[pri:0, instance:example.EndToEndFlow@2f40e5db]" started-at="2024-09-04T22:49:04 IST" name="setUp" finished-at="2024-09-04T22:49:12 IST" duration-ms="7801" status="PASS">
          <params>
            <param index="0">
              <value>
                <![CDATA[chrome]]>
              </value>
            </param>
            <param index="1">
              <value>
                <![CDATA[local]]>
              </value>
            </param>
          </params>
          <reporter-output>
          </reporter-output>
        </test-method> <!-- setUp -->
        <test-method is-config="true" signature="setUp(java.lang.String,java.lang.String)[pri:0, instance:example.EndToEndFlow@2f40e5db]" started-at="2024-09-04T22:49:04 IST" name="setUp" finished-at="2024-09-04T22:49:10 IST" duration-ms="5793" status="PASS">
          <params>
            <param index="0">
              <value>
                <![CDATA[chrome]]>
              </value>
            </param>
            <param index="1">
              <value>
                <![CDATA[local]]>
              </value>
            </param>
          </params>
          <reporter-output>
          </reporter-output>
        </test-method> <!-- setUp -->
        <test-method signature="loginToApplication()[pri:0, instance:example.EndToEndFlow@2f40e5db]" started-at="2024-09-04T22:49:10 IST" name="loginToApplication" description="Login to the application with user credentials" finished-at="2024-09-04T22:49:10 IST" duration-ms="267" status="PASS">
          <reporter-output>
          </reporter-output>
        </test-method> <!-- loginToApplication -->
        <test-method is-config="true" signature="tearDown()[pri:0, instance:example.EndToEndFlow@2f40e5db]" started-at="2024-09-04T22:49:10 IST" name="tearDown" finished-at="2024-09-04T22:49:11 IST" duration-ms="141" status="PASS">
          <reporter-output>
          </reporter-output>
        </test-method> <!-- tearDown -->
        <test-method signature="loginAndAddProductToCart()[pri:0, instance:example.EndToEndFlow@2f40e5db]" started-at="2024-09-04T22:49:12 IST" name="loginAndAddProductToCart" description="Login to the application, add product to cart and verify the place the order" finished-at="2024-09-04T22:49:17 IST" duration-ms="4690" status="PASS">
          <reporter-output>
          </reporter-output>
        </test-method> <!-- loginAndAddProductToCart -->
        <test-method is-config="true" signature="tearDown()[pri:0, instance:example.EndToEndFlow@2f40e5db]" started-at="2024-09-04T22:49:17 IST" name="tearDown" finished-at="2024-09-04T22:49:17 IST" duration-ms="271" status="PASS">
          <reporter-output>
          </reporter-output>
        </test-method> <!-- tearDown -->
      </class> <!-- example.EndToEndFlow -->
    </test> <!-- D:/Automation Practice/SeleniumConcepts -->
  </suite> <!-- All Test Suite -->
</testng-results>
