<?xml version="1.0" encoding="UTF-8"?>
<!-- Generated by org.testng.reporters.JUnitXMLReporter -->
<testsuite ignored="0" hostname="LAPTOP-4ACSQ332" failures="0" tests="3" name="chrome test" time="59.793" errors="0" timestamp="2024-09-04T22:40:33 IST">
  <testcase classname="example.MultiBrowser" name="enterText" time="4.24"/>
  <testcase classname="example.MultiBrowser" name="scrollTillEle" time="10.789"/>
  <testcase classname="example.MultiBrowser" name="clickJs" time="49.835"/>
</testsuite> <!-- chrome test -->
