<?xml version="1.0" encoding="UTF-8"?>
<!-- Generated by org.testng.reporters.JUnitXMLReporter -->
<testsuite ignored="0" hostname="LAPTOP-4ACSQ332" failures="0" tests="3" name="edge test" time="40.296" errors="0" timestamp="2024-09-04T22:41:13 IST">
  <testcase classname="example.MultiBrowser" name="enterText" time="3.073"/>
  <testcase classname="example.MultiBrowser" name="scrollTillEle" time="10.312"/>
  <testcase classname="example.MultiBrowser" name="clickJs" time="28.703"/>
</testsuite> <!-- edge test -->
